[field] loaded snapshot prefix="fields/N320_L160_box"
[orbit] min_image seam-aware L enabled
[orbit_3d] mean |dE/E0| ≈ 8.156e-05, mean |d||L||/||L||0| ≈ 5.428e-02
[orbit_3d] centrality: mean_tau_frac=6.574e-01, radiality_err=9.444e-01
[orbit_3d] vtheta=0.300000 dE=8.156434e-05 dL=5.427593e-02 rad=9.443935e-01 tau_frac=6.574461e-01 warm_done=0
METRICS|dE_over_E=8.103467e-08|dL_over_L=8.689539e-04|slope_Fr=-19.360|slope_err=0.105|precession_deg_per_orbit=nan

[stderr]
/Users/donnievanmetre/.matplotlib is not a writable directory
Matplotlib created a temporary cache directory at /var/folders/cg/87q4bqn55bb6k63b01_hw1b80000gn/T/matplotlib-24p1czdl because there was an issue with the default path (/Users/donnievanmetre/.matplotlib); it is highly recommended to set the MPLCONFIGDIR environment variable to a writable directory, in particular to speed up the import of Matplotlib and to better support multiprocessing.

Fontconfig error: No writable cache directories
	/opt/homebrew/var/cache/fontconfig
	/Users/donnievanmetre/.cache/fontconfig
	/Users/donnievanmetre/.fontconfig

Fontconfig error: No writable cache directories
	/opt/homebrew/var/cache/fontconfig
	/Users/donnievanmetre/.cache/fontconfig
	/Users/donnievanmetre/.fontconfig

Fontconfig error: No writable cache directories
	/opt/homebrew/var/cache/fontconfig
	/Users/donnievanmetre/.cache/fontconfig
	/Users/donnievanmetre/.fontconfig

Fontconfig error: No writable cache directories
	/opt/homebrew/var/cache/fontconfig
	/Users/donnievanmetre/.cache/fontconfig
	/Users/donnievanmetre/.fontconfig
Matplotlib is building the font cache; this may take a moment.
